{"level":"info","message":"API rodando na porta 3000","timestamp":"2025-01-20T23:12:50.092Z"}
{"level":"info","message":"API rodando na porta 3000","timestamp":"2025-01-20T23:13:06.610Z"}
{"level":"error","message":"Erro ao buscar repositórios: Invalid URL","timestamp":"2025-01-20T23:13:20.196Z"}
{"level":"info","message":"API rodando na porta 3000","timestamp":"2025-01-20T23:17:31.918Z"}
{"level":"info","message":"API rodando na porta 3000","timestamp":"2025-01-20T23:17:51.077Z"}
{"level":"info","message":"API rodando na porta 3000","timestamp":"2025-01-20T23:18:39.798Z"}
{"level":"error","message":"Erro ao buscar repositórios: Internal Server Error","timestamp":"2025-01-20T23:21:51.560Z"}
{"level":"error","message":"Erro ao buscar repositórios: Internal Server Error","timestamp":"2025-01-20T23:22:21.316Z"}
{"level":"info","message":"API rodando na porta 3000","timestamp":"2025-01-20T23:22:41.197Z"}
{"level":"error","message":"Erro ao buscar repositórios: Internal Server Error","timestamp":"2025-01-20T23:23:59.566Z"}
{"level":"error","message":"Erro ao buscar repositórios: Internal Server Error","timestamp":"2025-01-20T23:25:46.061Z"}
{"level":"info","message":"API rodando na porta 3000","timestamp":"2025-01-20T23:25:53.750Z"}
{"level":"info","message":"API rodando na porta 3000","timestamp":"2025-01-20T23:31:39.120Z"}
{"level":"info","message":"API rodando na porta 3000","timestamp":"2025-01-20T23:58:54.196Z"}
{"level":"error","message":"Erro ao buscar repositórios: githubService.getCSharpRepositories is not a function","timestamp":"2025-01-20T23:59:01.258Z"}
{"level":"error","message":"Erro ao buscar repositórios: githubService.getCSharpRepositories is not a function","timestamp":"2025-01-20T23:59:02.789Z"}
{"level":"error","message":"Erro ao buscar repositórios: githubService.getCSharpRepositories is not a function","timestamp":"2025-01-20T23:59:06.297Z"}
{"level":"info","message":"API rodando na porta 3000","timestamp":"2025-01-21T00:01:18.526Z"}
{"level":"error","message":"Erro ao buscar repositórios: Erro interno do servidor","timestamp":"2025-01-21T00:01:23.615Z"}
{"level":"info","message":"API rodando na porta 3000","timestamp":"2025-01-21T00:03:16.454Z"}
{"level":"error","message":"Erro ao buscar repositórios: Erro interno do servidor","timestamp":"2025-01-21T00:03:20.624Z"}
{"level":"info","message":"API rodando na porta 3000","timestamp":"2025-01-21T00:06:20.171Z"}
{"level":"error","message":"Erro ao buscar repositórios: Erro interno do servidor","timestamp":"2025-01-21T00:06:26.535Z"}
{"level":"error","message":"Erro ao buscar repositórios: Erro interno do servidor","timestamp":"2025-01-21T00:06:45.790Z"}
{"level":"info","message":"API rodando na porta 3000","timestamp":"2025-01-21T00:09:14.749Z"}
{"level":"error","message":"Erro ao buscar repositórios: Erro interno do servidor","timestamp":"2025-01-21T00:09:18.732Z"}
{"level":"info","message":"API rodando na porta 3000","timestamp":"2025-01-21T00:11:32.624Z"}
{"level":"error","message":"Erro ao buscar repositórios: Internal Server Error","timestamp":"2025-01-21T00:12:13.808Z"}
{"level":"info","message":"API rodando na porta 3000","timestamp":"2025-01-21T02:09:38.699Z"}
